d:\vtm_fast\vvcsoftware_vtm-vtm-6.1\build\source\lib\commonanalyserlib\commonanalyserlib.dir\release\affinegradientsearch.obj
d:\vtm_fast\vvcsoftware_vtm-vtm-6.1\build\source\lib\commonanalyserlib\commonanalyserlib.dir\release\ibchashmap.obj
d:\vtm_fast\vvcsoftware_vtm-vtm-6.1\build\source\lib\commonanalyserlib\commonanalyserlib.dir\release\reshape.obj
d:\vtm_fast\vvcsoftware_vtm-vtm-6.1\build\source\lib\commonanalyserlib\commonanalyserlib.dir\release\dtrace_blockstatistics.obj
d:\vtm_fast\vvcsoftware_vtm-vtm-6.1\build\source\lib\commonanalyserlib\commonanalyserlib.dir\release\contextmodelling.obj
d:\vtm_fast\vvcsoftware_vtm-vtm-6.1\build\source\lib\commonanalyserlib\commonanalyserlib.dir\release\intraprediction.obj
d:\vtm_fast\vvcsoftware_vtm-vtm-6.1\build\source\lib\commonanalyserlib\commonanalyserlib.dir\release\rdcost.obj
d:\vtm_fast\vvcsoftware_vtm-vtm-6.1\build\source\lib\commonanalyserlib\commonanalyserlib.dir\release\commondefx86.obj
d:\vtm_fast\vvcsoftware_vtm-vtm-6.1\build\source\lib\commonanalyserlib\commonanalyserlib.dir\release\codingstructure.obj
d:\vtm_fast\vvcsoftware_vtm-vtm-6.1\build\source\lib\commonanalyserlib\commonanalyserlib.dir\release\quant.obj
d:\vtm_fast\vvcsoftware_vtm-vtm-6.1\build\source\lib\commonanalyserlib\commonanalyserlib.dir\release\trquant.obj
d:\vtm_fast\vvcsoftware_vtm-vtm-6.1\build\source\lib\commonanalyserlib\commonanalyserlib.dir\release\cachemodel.obj
d:\vtm_fast\vvcsoftware_vtm-vtm-6.1\build\source\lib\commonanalyserlib\commonanalyserlib.dir\release\loopfilter.obj
d:\vtm_fast\vvcsoftware_vtm-vtm-6.1\build\source\lib\commonanalyserlib\commonanalyserlib.dir\release\romlfnst.obj
d:\vtm_fast\vvcsoftware_vtm-vtm-6.1\build\source\lib\commonanalyserlib\commonanalyserlib.dir\release\weightprediction.obj
d:\vtm_fast\vvcsoftware_vtm-vtm-6.1\build\source\lib\commonanalyserlib\commonanalyserlib.dir\release\adaptiveloopfilter.obj
d:\vtm_fast\vvcsoftware_vtm-vtm-6.1\build\source\lib\commonanalyserlib\commonanalyserlib.dir\release\picyuvmd5.obj
d:\vtm_fast\vvcsoftware_vtm-vtm-6.1\build\source\lib\commonanalyserlib\commonanalyserlib.dir\release\slice.obj
d:\vtm_fast\vvcsoftware_vtm-vtm-6.1\build\source\lib\commonanalyserlib\commonanalyserlib.dir\release\chromaformat.obj
d:\vtm_fast\vvcsoftware_vtm-vtm-6.1\build\source\lib\commonanalyserlib\commonanalyserlib.dir\release\picture.obj
d:\vtm_fast\vvcsoftware_vtm-vtm-6.1\build\source\lib\commonanalyserlib\commonanalyserlib.dir\release\unittools.obj
d:\vtm_fast\vvcsoftware_vtm-vtm-6.1\build\source\lib\commonanalyserlib\commonanalyserlib.dir\release\buffer.obj
d:\vtm_fast\vvcsoftware_vtm-vtm-6.1\build\source\lib\commonanalyserlib\commonanalyserlib.dir\release\matrixintraprediction.obj
d:\vtm_fast\vvcsoftware_vtm-vtm-6.1\build\source\lib\commonanalyserlib\commonanalyserlib.dir\release\sampleadaptiveoffset.obj
d:\vtm_fast\vvcsoftware_vtm-vtm-6.1\build\source\lib\commonanalyserlib\commonanalyserlib.dir\release\contexts.obj
d:\vtm_fast\vvcsoftware_vtm-vtm-6.1\build\source\lib\commonanalyserlib\commonanalyserlib.dir\release\mv.obj
d:\vtm_fast\vvcsoftware_vtm-vtm-6.1\build\source\lib\commonanalyserlib\commonanalyserlib.dir\release\romtr.obj
d:\vtm_fast\vvcsoftware_vtm-vtm-6.1\build\source\lib\commonanalyserlib\commonanalyserlib.dir\release\dtrace.obj
d:\vtm_fast\vvcsoftware_vtm-vtm-6.1\build\source\lib\commonanalyserlib\commonanalyserlib.dir\release\bitstream.obj
d:\vtm_fast\vvcsoftware_vtm-vtm-6.1\build\source\lib\commonanalyserlib\commonanalyserlib.dir\release\interprediction.obj
d:\vtm_fast\vvcsoftware_vtm-vtm-6.1\build\source\lib\commonanalyserlib\commonanalyserlib.dir\release\sei.obj
d:\vtm_fast\vvcsoftware_vtm-vtm-6.1\build\source\lib\commonanalyserlib\commonanalyserlib.dir\release\unitpartitioner.obj
d:\vtm_fast\vvcsoftware_vtm-vtm-6.1\build\source\lib\commonanalyserlib\commonanalyserlib.dir\release\crosscompprediction.obj
d:\vtm_fast\vvcsoftware_vtm-vtm-6.1\build\source\lib\commonanalyserlib\commonanalyserlib.dir\release\interpolationfilter.obj
d:\vtm_fast\vvcsoftware_vtm-vtm-6.1\build\source\lib\commonanalyserlib\commonanalyserlib.dir\release\rdcostweightprediction.obj
d:\vtm_fast\vvcsoftware_vtm-vtm-6.1\build\source\lib\commonanalyserlib\commonanalyserlib.dir\release\trquant_emt.obj
d:\vtm_fast\vvcsoftware_vtm-vtm-6.1\build\source\lib\commonanalyserlib\commonanalyserlib.dir\release\hrd.obj
d:\vtm_fast\vvcsoftware_vtm-vtm-6.1\build\source\lib\commonanalyserlib\commonanalyserlib.dir\release\hash.obj
d:\vtm_fast\vvcsoftware_vtm-vtm-6.1\build\source\lib\commonanalyserlib\commonanalyserlib.dir\release\quantrdoq.obj
d:\vtm_fast\vvcsoftware_vtm-vtm-6.1\build\source\lib\commonanalyserlib\commonanalyserlib.dir\release\unit.obj
d:\vtm_fast\vvcsoftware_vtm-vtm-6.1\build\source\lib\commonanalyserlib\commonanalyserlib.dir\release\libmd5.obj
d:\vtm_fast\vvcsoftware_vtm-vtm-6.1\build\source\lib\commonanalyserlib\commonanalyserlib.dir\release\depquant.obj
d:\vtm_fast\vvcsoftware_vtm-vtm-6.1\build\source\lib\commonanalyserlib\commonanalyserlib.dir\release\mcts.obj
d:\vtm_fast\vvcsoftware_vtm-vtm-6.1\build\source\lib\commonanalyserlib\commonanalyserlib.dir\release\rom.obj
d:\vtm_fast\vvcsoftware_vtm-vtm-6.1\build\source\lib\commonanalyserlib\commonanalyserlib.dir\release\initx86.obj
d:\vtm_fast\vvcsoftware_vtm-vtm-6.1\build\source\lib\commonanalyserlib\commonanalyserlib.dir\release\affinegradientsearch_sse41.obj
d:\vtm_fast\vvcsoftware_vtm-vtm-6.1\build\source\lib\commonanalyserlib\commonanalyserlib.dir\release\rdcost_sse41.obj
d:\vtm_fast\vvcsoftware_vtm-vtm-6.1\build\source\lib\commonanalyserlib\commonanalyserlib.dir\release\adaptiveloopfilter_sse41.obj
d:\vtm_fast\vvcsoftware_vtm-vtm-6.1\build\source\lib\commonanalyserlib\commonanalyserlib.dir\release\buffer_sse41.obj
d:\vtm_fast\vvcsoftware_vtm-vtm-6.1\build\source\lib\commonanalyserlib\commonanalyserlib.dir\release\interpolationfilter_sse41.obj
d:\vtm_fast\vvcsoftware_vtm-vtm-6.1\build\source\lib\commonanalyserlib\commonanalyserlib.dir\release\ibchashmap_sse42.obj
d:\vtm_fast\vvcsoftware_vtm-vtm-6.1\build\source\lib\commonanalyserlib\commonanalyserlib.dir\release\adaptiveloopfilter_avx.obj
d:\vtm_fast\vvcsoftware_vtm-vtm-6.1\build\source\lib\commonanalyserlib\commonanalyserlib.dir\release\rdcost_avx.obj
d:\vtm_fast\vvcsoftware_vtm-vtm-6.1\build\source\lib\commonanalyserlib\commonanalyserlib.dir\release\buffer_avx.obj
d:\vtm_fast\vvcsoftware_vtm-vtm-6.1\build\source\lib\commonanalyserlib\commonanalyserlib.dir\release\interpolationfilter_avx.obj
d:\vtm_fast\vvcsoftware_vtm-vtm-6.1\build\source\lib\commonanalyserlib\commonanalyserlib.dir\release\affinegradientsearch_avx.obj
d:\vtm_fast\vvcsoftware_vtm-vtm-6.1\build\source\lib\commonanalyserlib\commonanalyserlib.dir\release\rdcost_avx2.obj
d:\vtm_fast\vvcsoftware_vtm-vtm-6.1\build\source\lib\commonanalyserlib\commonanalyserlib.dir\release\interpolationfilter_avx2.obj
d:\vtm_fast\vvcsoftware_vtm-vtm-6.1\build\source\lib\commonanalyserlib\commonanalyserlib.dir\release\affinegradientsearch_avx2.obj
d:\vtm_fast\vvcsoftware_vtm-vtm-6.1\build\source\lib\commonanalyserlib\commonanalyserlib.dir\release\buffer_avx2.obj
d:\vtm_fast\vvcsoftware_vtm-vtm-6.1\build\source\lib\commonanalyserlib\commonanalyserlib.dir\release\adaptiveloopfilter_avx2.obj
d:\vtm_fast\vvcsoftware_vtm-vtm-6.1\build\source\lib\commonanalyserlib\cmakefiles\generate.stamp
d:\vtm_fast\vvcsoftware_vtm-vtm-6.1\lib\vs15\msvc-19.16\x86_64\release\commonanalyserlib.lib
f:\github\github\vvc_project\build\source\lib\commonanalyserlib\commonanalyserlib.dir\release\adaptiveloopfilter.obj
f:\github\github\vvc_project\build\source\lib\commonanalyserlib\commonanalyserlib.dir\release\adaptiveloopfilter_avx.obj
f:\github\github\vvc_project\build\source\lib\commonanalyserlib\commonanalyserlib.dir\release\adaptiveloopfilter_avx2.obj
f:\github\github\vvc_project\build\source\lib\commonanalyserlib\commonanalyserlib.dir\release\adaptiveloopfilter_sse41.obj
f:\github\github\vvc_project\build\source\lib\commonanalyserlib\commonanalyserlib.dir\release\affinegradientsearch.obj
f:\github\github\vvc_project\build\source\lib\commonanalyserlib\commonanalyserlib.dir\release\affinegradientsearch_avx.obj
f:\github\github\vvc_project\build\source\lib\commonanalyserlib\commonanalyserlib.dir\release\affinegradientsearch_avx2.obj
f:\github\github\vvc_project\build\source\lib\commonanalyserlib\commonanalyserlib.dir\release\affinegradientsearch_sse41.obj
f:\github\github\vvc_project\build\source\lib\commonanalyserlib\commonanalyserlib.dir\release\bitstream.obj
f:\github\github\vvc_project\build\source\lib\commonanalyserlib\commonanalyserlib.dir\release\buffer.obj
f:\github\github\vvc_project\build\source\lib\commonanalyserlib\commonanalyserlib.dir\release\buffer_avx.obj
f:\github\github\vvc_project\build\source\lib\commonanalyserlib\commonanalyserlib.dir\release\buffer_avx2.obj
f:\github\github\vvc_project\build\source\lib\commonanalyserlib\commonanalyserlib.dir\release\buffer_sse41.obj
f:\github\github\vvc_project\build\source\lib\commonanalyserlib\commonanalyserlib.dir\release\cachemodel.obj
f:\github\github\vvc_project\build\source\lib\commonanalyserlib\commonanalyserlib.dir\release\chromaformat.obj
f:\github\github\vvc_project\build\source\lib\commonanalyserlib\commonanalyserlib.dir\release\codingstructure.obj
f:\github\github\vvc_project\build\source\lib\commonanalyserlib\commonanalyserlib.dir\release\commondefx86.obj
f:\github\github\vvc_project\build\source\lib\commonanalyserlib\commonanalyserlib.dir\release\contextmodelling.obj
f:\github\github\vvc_project\build\source\lib\commonanalyserlib\commonanalyserlib.dir\release\contexts.obj
f:\github\github\vvc_project\build\source\lib\commonanalyserlib\commonanalyserlib.dir\release\crosscompprediction.obj
f:\github\github\vvc_project\build\source\lib\commonanalyserlib\commonanalyserlib.dir\release\depquant.obj
f:\github\github\vvc_project\build\source\lib\commonanalyserlib\commonanalyserlib.dir\release\dtrace.obj
f:\github\github\vvc_project\build\source\lib\commonanalyserlib\commonanalyserlib.dir\release\dtrace_blockstatistics.obj
f:\github\github\vvc_project\build\source\lib\commonanalyserlib\commonanalyserlib.dir\release\hash.obj
f:\github\github\vvc_project\build\source\lib\commonanalyserlib\commonanalyserlib.dir\release\hrd.obj
f:\github\github\vvc_project\build\source\lib\commonanalyserlib\commonanalyserlib.dir\release\ibchashmap.obj
f:\github\github\vvc_project\build\source\lib\commonanalyserlib\commonanalyserlib.dir\release\ibchashmap_sse42.obj
f:\github\github\vvc_project\build\source\lib\commonanalyserlib\commonanalyserlib.dir\release\initx86.obj
f:\github\github\vvc_project\build\source\lib\commonanalyserlib\commonanalyserlib.dir\release\interpolationfilter.obj
f:\github\github\vvc_project\build\source\lib\commonanalyserlib\commonanalyserlib.dir\release\interpolationfilter_avx.obj
f:\github\github\vvc_project\build\source\lib\commonanalyserlib\commonanalyserlib.dir\release\interpolationfilter_avx2.obj
f:\github\github\vvc_project\build\source\lib\commonanalyserlib\commonanalyserlib.dir\release\interpolationfilter_sse41.obj
f:\github\github\vvc_project\build\source\lib\commonanalyserlib\commonanalyserlib.dir\release\interprediction.obj
f:\github\github\vvc_project\build\source\lib\commonanalyserlib\commonanalyserlib.dir\release\intraprediction.obj
f:\github\github\vvc_project\build\source\lib\commonanalyserlib\commonanalyserlib.dir\release\libmd5.obj
f:\github\github\vvc_project\build\source\lib\commonanalyserlib\commonanalyserlib.dir\release\loopfilter.obj
f:\github\github\vvc_project\build\source\lib\commonanalyserlib\commonanalyserlib.dir\release\matrixintraprediction.obj
f:\github\github\vvc_project\build\source\lib\commonanalyserlib\commonanalyserlib.dir\release\mcts.obj
f:\github\github\vvc_project\build\source\lib\commonanalyserlib\commonanalyserlib.dir\release\mv.obj
f:\github\github\vvc_project\build\source\lib\commonanalyserlib\commonanalyserlib.dir\release\picture.obj
f:\github\github\vvc_project\build\source\lib\commonanalyserlib\commonanalyserlib.dir\release\picyuvmd5.obj
f:\github\github\vvc_project\build\source\lib\commonanalyserlib\commonanalyserlib.dir\release\quant.obj
f:\github\github\vvc_project\build\source\lib\commonanalyserlib\commonanalyserlib.dir\release\quantrdoq.obj
f:\github\github\vvc_project\build\source\lib\commonanalyserlib\commonanalyserlib.dir\release\rdcost.obj
f:\github\github\vvc_project\build\source\lib\commonanalyserlib\commonanalyserlib.dir\release\rdcostweightprediction.obj
f:\github\github\vvc_project\build\source\lib\commonanalyserlib\commonanalyserlib.dir\release\rdcost_avx.obj
f:\github\github\vvc_project\build\source\lib\commonanalyserlib\commonanalyserlib.dir\release\rdcost_avx2.obj
f:\github\github\vvc_project\build\source\lib\commonanalyserlib\commonanalyserlib.dir\release\rdcost_sse41.obj
f:\github\github\vvc_project\build\source\lib\commonanalyserlib\commonanalyserlib.dir\release\reshape.obj
f:\github\github\vvc_project\build\source\lib\commonanalyserlib\commonanalyserlib.dir\release\rom.obj
f:\github\github\vvc_project\build\source\lib\commonanalyserlib\commonanalyserlib.dir\release\romlfnst.obj
f:\github\github\vvc_project\build\source\lib\commonanalyserlib\commonanalyserlib.dir\release\romtr.obj
f:\github\github\vvc_project\build\source\lib\commonanalyserlib\commonanalyserlib.dir\release\sampleadaptiveoffset.obj
f:\github\github\vvc_project\build\source\lib\commonanalyserlib\commonanalyserlib.dir\release\sei.obj
f:\github\github\vvc_project\build\source\lib\commonanalyserlib\commonanalyserlib.dir\release\slice.obj
f:\github\github\vvc_project\build\source\lib\commonanalyserlib\commonanalyserlib.dir\release\trquant.obj
f:\github\github\vvc_project\build\source\lib\commonanalyserlib\commonanalyserlib.dir\release\trquant_emt.obj
f:\github\github\vvc_project\build\source\lib\commonanalyserlib\commonanalyserlib.dir\release\unit.obj
f:\github\github\vvc_project\build\source\lib\commonanalyserlib\commonanalyserlib.dir\release\unitpartitioner.obj
f:\github\github\vvc_project\build\source\lib\commonanalyserlib\commonanalyserlib.dir\release\unittools.obj
f:\github\github\vvc_project\build\source\lib\commonanalyserlib\commonanalyserlib.dir\release\weightprediction.obj
f:\github\github\vvc_project\build\source\lib\commonanalyserlib\commonanalyserlib.dir\release\commonan.6a45606a.tlog\cl.command.1.tlog
f:\github\github\vvc_project\build\source\lib\commonanalyserlib\commonanalyserlib.dir\release\commonan.6a45606a.tlog\cl.read.1.tlog
f:\github\github\vvc_project\build\source\lib\commonanalyserlib\commonanalyserlib.dir\release\commonan.6a45606a.tlog\cl.write.1.tlog
f:\github\github\vvc_project\build\source\lib\commonanalyserlib\commonanalyserlib.dir\release\commonan.6a45606a.tlog\custombuild.command.1.tlog
f:\github\github\vvc_project\build\source\lib\commonanalyserlib\commonanalyserlib.dir\release\commonan.6a45606a.tlog\custombuild.read.1.tlog
f:\github\github\vvc_project\build\source\lib\commonanalyserlib\commonanalyserlib.dir\release\commonan.6a45606a.tlog\custombuild.write.1.tlog
f:\github\github\vvc_project\build\source\lib\commonanalyserlib\commonanalyserlib.dir\release\commonan.6a45606a.tlog\lib-link.read.1.tlog
f:\github\github\vvc_project\build\source\lib\commonanalyserlib\commonanalyserlib.dir\release\commonan.6a45606a.tlog\lib-link.write.1.tlog
f:\github\github\vvc_project\build\source\lib\commonanalyserlib\commonanalyserlib.dir\release\commonan.6a45606a.tlog\lib.command.1.tlog
