d:\vtm_fast\vvcsoftware_vtm-vtm-6.1\build\source\lib\encoderlib\encoderlib.dir\release\intersearch.obj
d:\vtm_fast\vvcsoftware_vtm-vtm-6.1\build\source\lib\encoderlib\encoderlib.dir\release\encsampleadaptiveoffset.obj
d:\vtm_fast\vvcsoftware_vtm-vtm-6.1\build\source\lib\encoderlib\encoderlib.dir\release\weightpredanalysis.obj
d:\vtm_fast\vvcsoftware_vtm-vtm-6.1\build\source\lib\encoderlib\encoderlib.dir\release\encgop.obj
d:\vtm_fast\vvcsoftware_vtm-vtm-6.1\build\source\lib\encoderlib\encoderlib.dir\release\seiencoder.obj
d:\vtm_fast\vvcsoftware_vtm-vtm-6.1\build\source\lib\encoderlib\encoderlib.dir\release\cabacwriter.obj
d:\vtm_fast\vvcsoftware_vtm-vtm-6.1\build\source\lib\encoderlib\encoderlib.dir\release\enclib.obj
d:\vtm_fast\vvcsoftware_vtm-vtm-6.1\build\source\lib\encoderlib\encoderlib.dir\release\encadaptiveloopfilter.obj
d:\vtm_fast\vvcsoftware_vtm-vtm-6.1\build\source\lib\encoderlib\encoderlib.dir\release\encmodectrl.obj
d:\vtm_fast\vvcsoftware_vtm-vtm-6.1\build\source\lib\encoderlib\encoderlib.dir\release\encslice.obj
d:\vtm_fast\vvcsoftware_vtm-vtm-6.1\build\source\lib\encoderlib\encoderlib.dir\release\enccu.obj
d:\vtm_fast\vvcsoftware_vtm-vtm-6.1\build\source\lib\encoderlib\encoderlib.dir\release\intrasearch.obj
d:\vtm_fast\vvcsoftware_vtm-vtm-6.1\build\source\lib\encoderlib\encoderlib.dir\release\seiwrite.obj
d:\vtm_fast\vvcsoftware_vtm-vtm-6.1\build\source\lib\encoderlib\encoderlib.dir\release\vlcwriter.obj
d:\vtm_fast\vvcsoftware_vtm-vtm-6.1\build\source\lib\encoderlib\encoderlib.dir\release\binencoder.obj
d:\vtm_fast\vvcsoftware_vtm-vtm-6.1\build\source\lib\encoderlib\encoderlib.dir\release\enchrd.obj
d:\vtm_fast\vvcsoftware_vtm-vtm-6.1\build\source\lib\encoderlib\encoderlib.dir\release\nalwrite.obj
d:\vtm_fast\vvcsoftware_vtm-vtm-6.1\build\source\lib\encoderlib\encoderlib.dir\release\encreshape.obj
d:\vtm_fast\vvcsoftware_vtm-vtm-6.1\build\source\lib\encoderlib\encoderlib.dir\release\ratectrl.obj
d:\vtm_fast\vvcsoftware_vtm-vtm-6.1\build\source\lib\encoderlib\encoderlib.dir\release\aqp.obj
d:\vtm_fast\vvcsoftware_vtm-vtm-6.1\build\source\lib\encoderlib\cmakefiles\generate.stamp
d:\vtm_fast\vvcsoftware_vtm-vtm-6.1\lib\vs15\msvc-19.16\x86_64\release\encoderlib.lib
f:\github\github\vvc_project\build\source\lib\encoderlib\encoderlib.dir\release\aqp.obj
f:\github\github\vvc_project\build\source\lib\encoderlib\encoderlib.dir\release\binencoder.obj
f:\github\github\vvc_project\build\source\lib\encoderlib\encoderlib.dir\release\cabacwriter.obj
f:\github\github\vvc_project\build\source\lib\encoderlib\encoderlib.dir\release\encadaptiveloopfilter.obj
f:\github\github\vvc_project\build\source\lib\encoderlib\encoderlib.dir\release\enccu.obj
f:\github\github\vvc_project\build\source\lib\encoderlib\encoderlib.dir\release\encgop.obj
f:\github\github\vvc_project\build\source\lib\encoderlib\encoderlib.dir\release\enchrd.obj
f:\github\github\vvc_project\build\source\lib\encoderlib\encoderlib.dir\release\enclib.obj
f:\github\github\vvc_project\build\source\lib\encoderlib\encoderlib.dir\release\encmodectrl.obj
f:\github\github\vvc_project\build\source\lib\encoderlib\encoderlib.dir\release\encreshape.obj
f:\github\github\vvc_project\build\source\lib\encoderlib\encoderlib.dir\release\encsampleadaptiveoffset.obj
f:\github\github\vvc_project\build\source\lib\encoderlib\encoderlib.dir\release\encslice.obj
f:\github\github\vvc_project\build\source\lib\encoderlib\encoderlib.dir\release\intersearch.obj
f:\github\github\vvc_project\build\source\lib\encoderlib\encoderlib.dir\release\intrasearch.obj
f:\github\github\vvc_project\build\source\lib\encoderlib\encoderlib.dir\release\nalwrite.obj
f:\github\github\vvc_project\build\source\lib\encoderlib\encoderlib.dir\release\ratectrl.obj
f:\github\github\vvc_project\build\source\lib\encoderlib\encoderlib.dir\release\seiencoder.obj
f:\github\github\vvc_project\build\source\lib\encoderlib\encoderlib.dir\release\seiwrite.obj
f:\github\github\vvc_project\build\source\lib\encoderlib\encoderlib.dir\release\vlcwriter.obj
f:\github\github\vvc_project\build\source\lib\encoderlib\encoderlib.dir\release\weightpredanalysis.obj
f:\github\github\vvc_project\build\source\lib\encoderlib\encoderlib.dir\release\encoderlib.tlog\cl.command.1.tlog
f:\github\github\vvc_project\build\source\lib\encoderlib\encoderlib.dir\release\encoderlib.tlog\cl.read.1.tlog
f:\github\github\vvc_project\build\source\lib\encoderlib\encoderlib.dir\release\encoderlib.tlog\cl.write.1.tlog
f:\github\github\vvc_project\build\source\lib\encoderlib\encoderlib.dir\release\encoderlib.tlog\custombuild.command.1.tlog
f:\github\github\vvc_project\build\source\lib\encoderlib\encoderlib.dir\release\encoderlib.tlog\custombuild.read.1.tlog
f:\github\github\vvc_project\build\source\lib\encoderlib\encoderlib.dir\release\encoderlib.tlog\custombuild.write.1.tlog
f:\github\github\vvc_project\build\source\lib\encoderlib\encoderlib.dir\release\encoderlib.tlog\lib-link.read.1.tlog
f:\github\github\vvc_project\build\source\lib\encoderlib\encoderlib.dir\release\encoderlib.tlog\lib-link.write.1.tlog
f:\github\github\vvc_project\build\source\lib\encoderlib\encoderlib.dir\release\encoderlib.tlog\lib.command.1.tlog
