d:\vtm_fast\vvcsoftware_vtm-vtm-6.1\build\source\lib\decoderanalyserlib\decoderanalyserlib.dir\release\deccu.obj
d:\vtm_fast\vvcsoftware_vtm-vtm-6.1\build\source\lib\decoderanalyserlib\decoderanalyserlib.dir\release\nalread.obj
d:\vtm_fast\vvcsoftware_vtm-vtm-6.1\build\source\lib\decoderanalyserlib\decoderanalyserlib.dir\release\declib.obj
d:\vtm_fast\vvcsoftware_vtm-vtm-6.1\build\source\lib\decoderanalyserlib\decoderanalyserlib.dir\release\decslice.obj
d:\vtm_fast\vvcsoftware_vtm-vtm-6.1\build\source\lib\decoderanalyserlib\decoderanalyserlib.dir\release\annexbread.obj
d:\vtm_fast\vvcsoftware_vtm-vtm-6.1\build\source\lib\decoderanalyserlib\decoderanalyserlib.dir\release\bindecoder.obj
d:\vtm_fast\vvcsoftware_vtm-vtm-6.1\build\source\lib\decoderanalyserlib\decoderanalyserlib.dir\release\vlcreader.obj
d:\vtm_fast\vvcsoftware_vtm-vtm-6.1\build\source\lib\decoderanalyserlib\decoderanalyserlib.dir\release\seiread.obj
d:\vtm_fast\vvcsoftware_vtm-vtm-6.1\build\source\lib\decoderanalyserlib\decoderanalyserlib.dir\release\cabacreader.obj
d:\vtm_fast\vvcsoftware_vtm-vtm-6.1\build\source\lib\decoderanalyserlib\cmakefiles\generate.stamp
d:\vtm_fast\vvcsoftware_vtm-vtm-6.1\lib\vs15\msvc-19.16\x86_64\release\decoderanalyserlib.lib
f:\github\github\vvc_project\build\source\lib\decoderanalyserlib\decoderanalyserlib.dir\release\annexbread.obj
f:\github\github\vvc_project\build\source\lib\decoderanalyserlib\decoderanalyserlib.dir\release\bindecoder.obj
f:\github\github\vvc_project\build\source\lib\decoderanalyserlib\decoderanalyserlib.dir\release\cabacreader.obj
f:\github\github\vvc_project\build\source\lib\decoderanalyserlib\decoderanalyserlib.dir\release\deccu.obj
f:\github\github\vvc_project\build\source\lib\decoderanalyserlib\decoderanalyserlib.dir\release\declib.obj
f:\github\github\vvc_project\build\source\lib\decoderanalyserlib\decoderanalyserlib.dir\release\decslice.obj
f:\github\github\vvc_project\build\source\lib\decoderanalyserlib\decoderanalyserlib.dir\release\nalread.obj
f:\github\github\vvc_project\build\source\lib\decoderanalyserlib\decoderanalyserlib.dir\release\seiread.obj
f:\github\github\vvc_project\build\source\lib\decoderanalyserlib\decoderanalyserlib.dir\release\vlcreader.obj
f:\github\github\vvc_project\build\source\lib\decoderanalyserlib\decoderanalyserlib.dir\release\decodera.d593c21c.tlog\cl.10104.write.1.tlog
f:\github\github\vvc_project\build\source\lib\decoderanalyserlib\decoderanalyserlib.dir\release\decodera.d593c21c.tlog\cl.command.1.tlog
f:\github\github\vvc_project\build\source\lib\decoderanalyserlib\decoderanalyserlib.dir\release\decodera.d593c21c.tlog\cl.read.1.tlog
f:\github\github\vvc_project\build\source\lib\decoderanalyserlib\decoderanalyserlib.dir\release\decodera.d593c21c.tlog\custombuild.command.1.tlog
f:\github\github\vvc_project\build\source\lib\decoderanalyserlib\decoderanalyserlib.dir\release\decodera.d593c21c.tlog\custombuild.read.1.tlog
f:\github\github\vvc_project\build\source\lib\decoderanalyserlib\decoderanalyserlib.dir\release\decodera.d593c21c.tlog\custombuild.write.1.tlog
f:\github\github\vvc_project\build\source\lib\decoderanalyserlib\decoderanalyserlib.dir\release\decodera.d593c21c.tlog\lib-link.read.1.tlog
f:\github\github\vvc_project\build\source\lib\decoderanalyserlib\decoderanalyserlib.dir\release\decodera.d593c21c.tlog\lib-link.write.1.tlog
f:\github\github\vvc_project\build\source\lib\decoderanalyserlib\decoderanalyserlib.dir\release\decodera.d593c21c.tlog\lib.command.1.tlog
